<?xml version="1.0" encoding="UTF-8"?>
<testsuite name="org.syslog_ng.test.TestPortCheckDecorator" tests="1" skipped="0" failures="0" errors="0" timestamp="2016-03-30T12:44:11" hostname="amey-desktop" time="0.059">
  <properties/>
  <testcase name="test" classname="org.syslog_ng.test.TestPortCheckDecorator" time="0.059"/>
  <system-out><![CDATA[]]></system-out>
  <system-err><![CDATA[]]></system-err>
</testsuite>
