<?xml version="1.0" encoding="UTF-8"?>
<testsuite name="org.syslog_ng.test.TestBooleanOptionDecorator" tests="3" skipped="0" failures="0" errors="0" timestamp="2016-03-30T12:44:11" hostname="amey-desktop" time="0.003">
  <properties/>
  <testcase name="testFailingValues" classname="org.syslog_ng.test.TestBooleanOptionDecorator" time="0.002"/>
  <testcase name="testFalseValues" classname="org.syslog_ng.test.TestBooleanOptionDecorator" time="0.0"/>
  <testcase name="testTrueValues" classname="org.syslog_ng.test.TestBooleanOptionDecorator" time="0.0"/>
  <system-out><![CDATA[]]></system-out>
  <system-err><![CDATA[]]></system-err>
</testsuite>
