<?xml version="1.0" encoding="UTF-8"?>
<testsuite name="org.syslog_ng.test.TestIntegerRangeCheckOptionDecorator" tests="2" skipped="0" failures="0" errors="0" timestamp="2016-03-30T12:44:11" hostname="amey-desktop" time="0.011">
  <properties/>
  <testcase name="testInvalid" classname="org.syslog_ng.test.TestIntegerRangeCheckOptionDecorator" time="0.001"/>
  <testcase name="testNormal" classname="org.syslog_ng.test.TestIntegerRangeCheckOptionDecorator" time="0.009"/>
  <system-out><![CDATA[]]></system-out>
  <system-err><![CDATA[]]></system-err>
</testsuite>
