<?xml version="1.0" encoding="UTF-8"?>
<testsuite name="org.syslog_ng.options.test.TestPortCheckDecorator" tests="1" skipped="0" failures="0" errors="0" timestamp="2016-03-30T02:13:17" hostname="amey-desktop" time="0.141">
  <properties/>
  <testcase name="test" classname="org.syslog_ng.options.test.TestPortCheckDecorator" time="0.141"/>
  <system-out><![CDATA[]]></system-out>
  <system-err><![CDATA[]]></system-err>
</testsuite>
