<?xml version="1.0" encoding="UTF-8"?>
<testsuite name="org.syslog_ng.options.test.TestEnumOptionDecorator" tests="2" skipped="0" failures="0" errors="0" timestamp="2016-03-30T02:13:17" hostname="amey-desktop" time="0.002">
  <properties/>
  <testcase name="testInvalidOption" classname="org.syslog_ng.options.test.TestEnumOptionDecorator" time="0.001"/>
  <testcase name="testNormal" classname="org.syslog_ng.options.test.TestEnumOptionDecorator" time="0.001"/>
  <system-out><![CDATA[]]></system-out>
  <system-err><![CDATA[]]></system-err>
</testsuite>
