<?xml version="1.0" encoding="UTF-8"?>
<testsuite name="org.syslog_ng.options.test.TestIntegerRangeCheckOptionDecorator" tests="2" skipped="0" failures="0" errors="0" timestamp="2016-03-30T02:13:17" hostname="amey-desktop" time="0.012">
  <properties/>
  <testcase name="testInvalid" classname="org.syslog_ng.options.test.TestIntegerRangeCheckOptionDecorator" time="0.003"/>
  <testcase name="testNormal" classname="org.syslog_ng.options.test.TestIntegerRangeCheckOptionDecorator" time="0.008"/>
  <system-out><![CDATA[]]></system-out>
  <system-err><![CDATA[]]></system-err>
</testsuite>
